<?xml version="1.0" encoding="utf-8"?><testsuites name="pytest tests"><testsuite name="pytest" errors="0" failures="0" skipped="2" tests="15" time="8.857" timestamp="2025-08-05T21:54:53.677808+07:00" hostname="yudhas-MacBook-Pro.local"><testcase classname="test_petstore3_contract.TestPetstore3Contract" name="test_get_pet_contract_success" time="1.378"><skipped type="pytest.skip" message="API is not accepting pet creation requests. Status: 500, Response: {&quot;code&quot;:500,&quot;message&quot;:&quot;There was an error processing your request. It has been logged (ID: 6642001469adfed1)&quot;}">/Users/yudhamaulanaahmad/project/python-selenium /cobaTest/tests/api/contract_testing/test_petstore3_contract.py:141: API is not accepting pet creation requests. Status: 500, Response: {"code":500,"message":"There was an error processing your request. It has been logged (ID: 6642001469adfed1)"}</skipped></testcase><testcase classname="test_petstore3_contract.TestPetstore3Contract" name="test_add_pet_contract_invalid_data" time="0.261" /><testcase classname="test_petstore3_contract.TestPetstore3Contract" name="test_add_pet_contract_missing_required_fields" time="0.262" /><testcase classname="test_petstore3_contract.TestPetstore3Contract" name="test_get_pet_contract_not_found" time="0.263" /><testcase classname="test_petstore3_contract.TestPetstore3Contract" name="test_get_pet_contract_invalid_id" time="0.263" /><testcase classname="test_petstore3_contract.TestPetstore3Contract" name="test_update_pet_contract_success" time="0.525"><skipped type="pytest.skip" message="API is not accepting pet creation requests. Status: 500, Response: {&quot;code&quot;:500,&quot;message&quot;:&quot;There was an error processing your request. It has been logged (ID: 94c480475ab73e48)&quot;}">/Users/yudhamaulanaahmad/project/python-selenium /cobaTest/tests/api/contract_testing/test_petstore3_contract.py:172: API is not accepting pet creation requests. Status: 500, Response: {"code":500,"message":"There was an error processing your request. It has been logged (ID: 94c480475ab73e48)"}</skipped></testcase><testcase classname="test_petstore3_contract.TestPetstore3Contract" name="test_update_pet_contract_not_found" time="0.265" /><testcase classname="test_petstore3_contract.TestPetstore3Contract" name="test_delete_pet_contract_success" time="0.790" /><testcase classname="test_petstore3_contract.TestPetstore3Contract" name="test_delete_pet_contract_not_found" time="0.263" /><testcase classname="test_petstore3_contract.TestPetstore3Contract" name="test_find_pets_by_status_contract" time="0.892" /><testcase classname="test_petstore3_contract.TestPetstore3Contract" name="test_find_pets_by_invalid_status_contract" time="0.265" /><testcase classname="test_petstore3_contract.TestPetstore3Contract" name="test_api_response_time_contract" time="0.263" /><testcase classname="test_petstore3_contract.TestPetstore3Contract" name="test_data_persistence_contract" time="0.842" /><testcase classname="test_petstore3_contract.TestPetstore3Contract" name="test_malformed_request_contract" time="1.012" /><testcase classname="test_petstore3_contract.TestPetstore3Contract" name="test_content_type_contract" time="0.988" /></testsuite></testsuites>