<?xml version="1.0" encoding="utf-8"?><testsuites name="pytest tests"><testsuite name="pytest" errors="0" failures="1" skipped="0" tests="4" time="2.892" timestamp="2025-08-05T20:47:30.086032+07:00" hostname="yudhas-MacBook-Pro.local"><testcase classname="test_petstore3_contract.TestPetstore3Contract" name="test_add_pet_contract_success" time="1.374" /><testcase classname="test_petstore3_contract.TestPetstore3Contract" name="test_add_pet_contract_invalid_data" time="0.259" /><testcase classname="test_petstore3_contract.TestPetstore3Contract" name="test_add_pet_contract_missing_required_fields" time="0.255" /><testcase classname="test_petstore3_contract.TestPetstore3Contract" name="test_get_pet_contract_success" time="0.783"><failure message="AssertionError: Status code validation failed: ['Expected status 200, got 404', 'Invalid JSON response']&#10;assert False">test_petstore3_contract.py:118: in test_get_pet_contract_success
    assert validation["status_code_valid"], f"Status code validation failed: {validation['errors']}"
E   AssertionError: Status code validation failed: ['Expected status 200, got 404', 'Invalid JSON response']
E   assert False</failure></testcase></testsuite></testsuites>